Started GET "/users/sign_in" for 127.0.0.1 at 2023-12-20 11:29:14 +0200
  [1m[36mActiveRecord::SchemaMigration Load (1.4ms)[0m  [1m[34mSELECT "schema_migrations"."version" FROM "schema_migrations" ORDER BY "schema_migrations"."version" ASC[0m
Processing by Users::SessionsController#new as HTML
  Rendering layout layouts/application.html.erb
  Rendering users/sessions/new.html.erb within layouts/application
  Rendered users/shared/_links.html.erb (Duration: 2.7ms | Allocations: 802)
  Rendered users/sessions/new.html.erb within layouts/application (Duration: 14.2ms | Allocations: 3417)
  Rendered layouts/_navbar.html.erb (Duration: 2.0ms | Allocations: 467)
  Rendered layout layouts/application.html.erb (Duration: 203.9ms | Allocations: 74170)
Completed 200 OK in 307ms (Views: 221.2ms | ActiveRecord: 17.8ms | Allocations: 103900)


Started GET "/" for 127.0.0.1 at 2023-12-20 11:29:17 +0200
Processing by PagesController#home as HTML
  Rendering layout layouts/application.html.erb
  Rendering pages/home.html.erb within layouts/application
  Rendered pages/home.html.erb within layouts/application (Duration: 0.5ms | Allocations: 83)
  Rendered layouts/_navbar.html.erb (Duration: 0.8ms | Allocations: 199)
  Rendered layout layouts/application.html.erb (Duration: 19.0ms | Allocations: 9684)
Completed 200 OK in 22ms (Views: 21.1ms | ActiveRecord: 0.0ms | Allocations: 10394)


Started GET "/users/sign_in" for 127.0.0.1 at 2023-12-20 11:29:20 +0200
Processing by Users::SessionsController#new as HTML
  Rendering layout layouts/application.html.erb
  Rendering users/sessions/new.html.erb within layouts/application
  Rendered users/shared/_links.html.erb (Duration: 3.5ms | Allocations: 329)
  Rendered users/sessions/new.html.erb within layouts/application (Duration: 8.2ms | Allocations: 917)
  Rendered layouts/_navbar.html.erb (Duration: 0.5ms | Allocations: 125)
  Rendered layout layouts/application.html.erb (Duration: 32.7ms | Allocations: 9150)
Completed 200 OK in 36ms (Views: 33.7ms | ActiveRecord: 0.0ms | Allocations: 9803)


Started GET "/users/sign_up" for 127.0.0.1 at 2023-12-20 11:29:22 +0200
Processing by Users::RegistrationsController#new as HTML
  Rendering layout layouts/application.html.erb
  Rendering users/registrations/new.html.erb within layouts/application
  Rendered users/shared/_error_messages.html.erb (Duration: 0.8ms | Allocations: 221)
  Rendered users/shared/_links.html.erb (Duration: 1.1ms | Allocations: 241)
  Rendered users/registrations/new.html.erb within layouts/application (Duration: 8.4ms | Allocations: 2188)
  Rendered layouts/_navbar.html.erb (Duration: 0.5ms | Allocations: 128)
  Rendered layout layouts/application.html.erb (Duration: 22.9ms | Allocations: 10404)
Completed 200 OK in 26ms (Views: 24.9ms | ActiveRecord: 0.0ms | Allocations: 11486)


Started GET "/" for 127.0.0.1 at 2023-12-20 11:29:52 +0200
Processing by PagesController#home as HTML
  Rendering layout layouts/application.html.erb
  Rendering pages/home.html.erb within layouts/application
  Rendered pages/home.html.erb within layouts/application (Duration: 0.1ms | Allocations: 6)
  Rendered layouts/_navbar.html.erb (Duration: 0.6ms | Allocations: 165)
  Rendered layout layouts/application.html.erb (Duration: 21.3ms | Allocations: 8448)
Completed 200 OK in 23ms (Views: 22.1ms | ActiveRecord: 0.0ms | Allocations: 8698)


Started GET "/users/sign_up" for 127.0.0.1 at 2023-12-20 11:29:54 +0200
Processing by Users::RegistrationsController#new as HTML
  Rendering layout layouts/application.html.erb
  Rendering users/registrations/new.html.erb within layouts/application
  Rendered users/shared/_error_messages.html.erb (Duration: 0.1ms | Allocations: 13)
  Rendered users/shared/_links.html.erb (Duration: 2.0ms | Allocations: 229)
  Rendered users/registrations/new.html.erb within layouts/application (Duration: 8.7ms | Allocations: 1173)
  Rendered layouts/_navbar.html.erb (Duration: 0.7ms | Allocations: 125)
  Rendered layout layouts/application.html.erb (Duration: 26.8ms | Allocations: 9381)
Completed 200 OK in 30ms (Views: 27.8ms | ActiveRecord: 0.0ms | Allocations: 9987)


Started GET "/" for 127.0.0.1 at 2023-12-20 11:29:56 +0200
Processing by PagesController#home as HTML
  Rendering layout layouts/application.html.erb
  Rendering pages/home.html.erb within layouts/application
  Rendered pages/home.html.erb within layouts/application (Duration: 0.1ms | Allocations: 6)
  Rendered layouts/_navbar.html.erb (Duration: 0.6ms | Allocations: 165)
  Rendered layout layouts/application.html.erb (Duration: 22.7ms | Allocations: 8440)
Completed 200 OK in 24ms (Views: 23.7ms | ActiveRecord: 0.0ms | Allocations: 8689)


Started GET "/users/sign_in" for 127.0.0.1 at 2023-12-20 11:30:16 +0200
Processing by Users::SessionsController#new as HTML
  Rendering layout layouts/application.html.erb
  Rendering users/sessions/new.html.erb within layouts/application
  Rendered users/shared/_links.html.erb (Duration: 3.5ms | Allocations: 329)
  Rendered users/sessions/new.html.erb within layouts/application (Duration: 7.2ms | Allocations: 916)
  Rendered layouts/_navbar.html.erb (Duration: 0.7ms | Allocations: 125)
  Rendered layout layouts/application.html.erb (Duration: 30.6ms | Allocations: 9120)
Completed 200 OK in 34ms (Views: 31.8ms | ActiveRecord: 0.0ms | Allocations: 9750)


Started GET "/" for 127.0.0.1 at 2023-12-20 11:30:25 +0200
Processing by PagesController#home as HTML
  Rendering layout layouts/application.html.erb
  Rendering pages/home.html.erb within layouts/application
  Rendered pages/home.html.erb within layouts/application (Duration: 0.1ms | Allocations: 6)
  Rendered layouts/_navbar.html.erb (Duration: 0.7ms | Allocations: 165)
  Rendered layout layouts/application.html.erb (Duration: 31.4ms | Allocations: 8471)
Completed 200 OK in 33ms (Views: 32.5ms | ActiveRecord: 0.0ms | Allocations: 8720)


Started GET "/" for 127.0.0.1 at 2023-12-20 11:30:31 +0200
Processing by PagesController#home as HTML
  Rendering layout layouts/application.html.erb
  Rendering pages/home.html.erb within layouts/application
  Rendered pages/home.html.erb within layouts/application (Duration: 0.1ms | Allocations: 6)
  Rendered layouts/_navbar.html.erb (Duration: 0.7ms | Allocations: 165)
  Rendered layout layouts/application.html.erb (Duration: 23.0ms | Allocations: 8442)
Completed 200 OK in 25ms (Views: 23.9ms | ActiveRecord: 0.0ms | Allocations: 8690)


Started GET "/users/sign_in" for 127.0.0.1 at 2023-12-20 11:30:32 +0200
Processing by Users::SessionsController#new as HTML
  Rendering layout layouts/application.html.erb
  Rendering users/sessions/new.html.erb within layouts/application
  Rendered users/shared/_links.html.erb (Duration: 3.0ms | Allocations: 329)
  Rendered users/sessions/new.html.erb within layouts/application (Duration: 7.9ms | Allocations: 916)
  Rendered layouts/_navbar.html.erb (Duration: 0.5ms | Allocations: 125)
  Rendered layout layouts/application.html.erb (Duration: 34.9ms | Allocations: 9120)
Completed 200 OK in 39ms (Views: 36.4ms | ActiveRecord: 0.0ms | Allocations: 9768)


Started GET "/users/sign_in" for 127.0.0.1 at 2023-12-20 11:30:47 +0200
Processing by Users::SessionsController#new as HTML
  Rendering layout layouts/application.html.erb
  Rendering users/sessions/new.html.erb within layouts/application
  Rendered users/shared/_links.html.erb (Duration: 2.9ms | Allocations: 329)
  Rendered users/sessions/new.html.erb within layouts/application (Duration: 6.7ms | Allocations: 916)
  Rendered layouts/_navbar.html.erb (Duration: 0.5ms | Allocations: 125)
  Rendered layout layouts/application.html.erb (Duration: 29.5ms | Allocations: 9120)
Completed 200 OK in 33ms (Views: 30.7ms | ActiveRecord: 0.0ms | Allocations: 9775)


Started GET "/" for 127.0.0.1 at 2023-12-20 11:30:53 +0200
Processing by PagesController#home as HTML
  Rendering layout layouts/application.html.erb
  Rendering pages/home.html.erb within layouts/application
  Rendered pages/home.html.erb within layouts/application (Duration: 0.1ms | Allocations: 6)
  Rendered layouts/_navbar.html.erb (Duration: 0.7ms | Allocations: 165)
  Rendered layout layouts/application.html.erb (Duration: 23.5ms | Allocations: 8454)
Completed 200 OK in 26ms (Views: 24.6ms | ActiveRecord: 0.0ms | Allocations: 8702)


Started GET "/users/sign_in" for 127.0.0.1 at 2023-12-20 11:31:06 +0200
Processing by Users::SessionsController#new as HTML
  Rendering layout layouts/application.html.erb
  Rendering users/sessions/new.html.erb within layouts/application
  Rendered users/shared/_links.html.erb (Duration: 3.2ms | Allocations: 329)
  Rendered users/sessions/new.html.erb within layouts/application (Duration: 7.6ms | Allocations: 916)
  Rendered layouts/_navbar.html.erb (Duration: 0.7ms | Allocations: 125)
  Rendered layout layouts/application.html.erb (Duration: 26.5ms | Allocations: 9121)
Completed 200 OK in 30ms (Views: 27.6ms | ActiveRecord: 0.0ms | Allocations: 9746)


Started GET "/" for 127.0.0.1 at 2023-12-20 11:31:46 +0200
Processing by PagesController#home as HTML
  Rendering layout layouts/application.html.erb
  Rendering pages/home.html.erb within layouts/application
  Rendered pages/home.html.erb within layouts/application (Duration: 0.1ms | Allocations: 6)
  Rendered layouts/_navbar.html.erb (Duration: 1.6ms | Allocations: 165)
  Rendered layout layouts/application.html.erb (Duration: 31.9ms | Allocations: 8475)
Completed 200 OK in 34ms (Views: 33.0ms | ActiveRecord: 0.0ms | Allocations: 8724)


  [1m[35m (0.6ms)[0m  [1m[34mSELECT pg_try_advisory_lock(2460021245018435385)[0m
  [1m[36mActiveRecord::SchemaMigration Load (0.5ms)[0m  [1m[34mSELECT "schema_migrations"."version" FROM "schema_migrations" ORDER BY "schema_migrations"."version" ASC[0m
  [1m[36mActiveRecord::InternalMetadata Load (1.7ms)[0m  [1m[34mSELECT * FROM "ar_internal_metadata" WHERE "ar_internal_metadata"."key" = $1 ORDER BY "ar_internal_metadata"."key" ASC LIMIT 1[0m  [[nil, "environment"]]
Migrating to CreateEvents (20231220110951)
  [1m[36mTRANSACTION (0.1ms)[0m  [1m[35mBEGIN[0m
  [1m[35m (15.3ms)[0m  [1m[35mCREATE TABLE "events" ("id" bigserial primary key, "name" character varying, "location" character varying, "start_at" timestamp(6), "end_at" timestamp(6), "description" text, "organizer_id" bigint, "created_at" timestamp(6) NOT NULL, "updated_at" timestamp(6) NOT NULL, CONSTRAINT "fk_rails_91125650cd"
FOREIGN KEY ("organizer_id")
  REFERENCES "users" ("id")
)[0m
  [1m[35m (3.0ms)[0m  [1m[35mCREATE INDEX "index_events_on_organizer_id" ON "events" ("organizer_id")[0m
  [1m[36mActiveRecord::SchemaMigration Create (0.2ms)[0m  [1m[32mINSERT INTO "schema_migrations" ("version") VALUES ('20231220110951') RETURNING "version"[0m
  [1m[36mTRANSACTION (1.7ms)[0m  [1m[35mCOMMIT[0m
  [1m[35m (0.3ms)[0m  [1m[34mSELECT pg_advisory_unlock(2460021245018435385)[0m
  [1m[36mActiveRecord::SchemaMigration Load (0.2ms)[0m  [1m[34mSELECT "schema_migrations"."version" FROM "schema_migrations" ORDER BY "schema_migrations"."version" ASC[0m
  [1m[36mUser Load (1.4ms)[0m  [1m[34mSELECT "users".* FROM "users" /* loading for pp */ LIMIT $1[0m  [["LIMIT", 11]]
  [1m[36mEvent Load (0.6ms)[0m  [1m[34mSELECT "events".* FROM "events" /* loading for pp */ LIMIT $1[0m  [["LIMIT", 11]]
  [1m[36mEvent Load (0.4ms)[0m  [1m[34mSELECT "events".* FROM "events" /* loading for pp */ LIMIT $1[0m  [["LIMIT", 11]]
  [1m[36mEvent Load (0.4ms)[0m  [1m[34mSELECT "events".* FROM "events" /* loading for pp */ LIMIT $1[0m  [["LIMIT", 11]]
  [1m[36mEvent Load (0.4ms)[0m  [1m[34mSELECT "events".* FROM "events" ORDER BY "events"."id" DESC LIMIT $1[0m  [["LIMIT", 1]]
  [1m[36mUser Load (1.1ms)[0m  [1m[34mSELECT "users".* FROM "users" ORDER BY "users"."id" DESC LIMIT $1[0m  [["LIMIT", 1]]
  [1m[36mUser Load (0.5ms)[0m  [1m[34mSELECT "users".* FROM "users" ORDER BY "users"."id" DESC LIMIT $1[0m  [["LIMIT", 1]]
  [1m[36mTRANSACTION (0.1ms)[0m  [1m[35mBEGIN[0m
  [1m[36mEvent Create (1.5ms)[0m  [1m[32mINSERT INTO "events" ("name", "location", "start_at", "end_at", "description", "organizer_id", "created_at", "updated_at") VALUES ($1, $2, $3, $4, $5, $6, $7, $8) RETURNING "id"[0m  [["name", nil], ["location", nil], ["start_at", nil], ["end_at", nil], ["description", nil], ["organizer_id", 893350012], ["created_at", "2023-12-20 12:11:46.290444"], ["updated_at", "2023-12-20 12:11:46.290444"]]
  [1m[36mTRANSACTION (1.2ms)[0m  [1m[35mCOMMIT[0m
  [1m[36mEvent Load (0.5ms)[0m  [1m[34mSELECT "events".* FROM "events" ORDER BY "events"."id" DESC LIMIT $1[0m  [["LIMIT", 1]]
  [1m[36mEvent Load (0.3ms)[0m  [1m[34mSELECT "events".* FROM "events" ORDER BY "events"."id" DESC LIMIT $1[0m  [["LIMIT", 1]]
  [1m[36mUser Load (0.2ms)[0m  [1m[34mSELECT "users".* FROM "users" WHERE "users"."id" = $1 LIMIT $2[0m  [["id", 893350012], ["LIMIT", 1]]
  [1m[36mUser Load (0.5ms)[0m  [1m[34mSELECT "users".* FROM "users" ORDER BY "users"."id" DESC LIMIT $1[0m  [["LIMIT", 1]]
  [1m[36mEvent Load (0.4ms)[0m  [1m[34mSELECT "events".* FROM "events" WHERE "events"."organizer_id" = $1 /* loading for pp */ LIMIT $2[0m  [["organizer_id", 893350012], ["LIMIT", 11]]
  [1m[36mUser Load (0.6ms)[0m  [1m[34mSELECT "users".* FROM "users" ORDER BY "users"."id" DESC LIMIT $1[0m  [["LIMIT", 1]]
  [1m[36mEvent Load (0.4ms)[0m  [1m[34mSELECT "events".* FROM "events" WHERE "events"."organizer_id" = $1 /* loading for pp */ LIMIT $2[0m  [["organizer_id", 893350012], ["LIMIT", 11]]
  [1m[36mUser Load (0.3ms)[0m  [1m[34mSELECT "users".* FROM "users" ORDER BY "users"."id" DESC LIMIT $1[0m  [["LIMIT", 1]]
  [1m[36mUser Load (0.4ms)[0m  [1m[34mSELECT "users".* FROM "users" ORDER BY "users"."id" DESC LIMIT $1[0m  [["LIMIT", 1]]
  [1m[36mEvent Load (0.5ms)[0m  [1m[34mSELECT "events".* FROM "events" WHERE "events"."organizer_id" = $1 /* loading for pp */ LIMIT $2[0m  [["organizer_id", 893350012], ["LIMIT", 11]]
  [1m[36mUser Load (0.4ms)[0m  [1m[34mSELECT "users".* FROM "users" ORDER BY "users"."id" DESC LIMIT $1[0m  [["LIMIT", 1]]
  [1m[36mEvent Load (0.5ms)[0m  [1m[34mSELECT "events".* FROM "events" WHERE "events"."organizer_id" = $1 AND "events"."id" = $2 /* loading for pp */ LIMIT $3[0m  [["organizer_id", 893350012], ["id", 1], ["LIMIT", 11]]
  [1m[36mUser Load (0.4ms)[0m  [1m[34mSELECT "users".* FROM "users" ORDER BY "users"."id" DESC LIMIT $1[0m  [["LIMIT", 1]]
  [1m[36mUser Load (0.4ms)[0m  [1m[34mSELECT "users".* FROM "users" ORDER BY "users"."id" DESC LIMIT $1[0m  [["LIMIT", 1]]
  [1m[36mUser Load (0.4ms)[0m  [1m[34mSELECT "users".* FROM "users" ORDER BY "users"."id" DESC LIMIT $1[0m  [["LIMIT", 1]]
  [1m[36mEvent Load (0.5ms)[0m  [1m[34mSELECT "events".* FROM "events" WHERE "events"."organizer_id" = $1 AND "events"."id" = $2 /* loading for pp */ LIMIT $3[0m  [["organizer_id", 893350012], ["id", 1], ["LIMIT", 11]]
  [1m[36mUser Load (0.3ms)[0m  [1m[34mSELECT "users".* FROM "users" ORDER BY "users"."id" DESC LIMIT $1[0m  [["LIMIT", 1]]
  [1m[36mUser Load (0.4ms)[0m  [1m[34mSELECT "users".* FROM "users" ORDER BY "users"."id" ASC LIMIT $1[0m  [["LIMIT", 1]]
  [1m[36mUser Load (0.4ms)[0m  [1m[34mSELECT "users".* FROM "users" ORDER BY "users"."id" ASC LIMIT $1[0m  [["LIMIT", 1]]
  [1m[36mUser Load (0.5ms)[0m  [1m[34mSELECT "users".* FROM "users" /* loading for pp */ LIMIT $1[0m  [["LIMIT", 11]]
  [1m[36mEvent Load (0.5ms)[0m  [1m[34mSELECT "events".* FROM "events" /* loading for pp */ LIMIT $1[0m  [["LIMIT", 11]]
  [1m[36mEvent Load (0.4ms)[0m  [1m[34mSELECT "events".* FROM "events" ORDER BY "events"."id" DESC LIMIT $1[0m  [["LIMIT", 1]]
